Traceback (most recent call last):
  File "mrs.py", line 2, in <module>
    from flask import Flask, render_template, Response, abort, request, make_response, url_for, jsonify
ImportError: No module named flask
Traceback (most recent call last):
  File "mrs.py", line 2, in <module>
    from flask import Flask, render_template, Response, abort, request, make_response, url_for, jsonify
ImportError: No module named flask
Traceback (most recent call last):
  File "mrs.py", line 2, in <module>
    from flask import Flask, render_template, Response, abort, request, make_response, url_for, jsonify
ImportError: No module named flask
Traceback (most recent call last):
  File "mrs.py", line 2, in <module>
    from flask import Flask, render_template, Response, abort, request, make_response, url_for, jsonify
ImportError: No module named flask
Traceback (most recent call last):
  File "mrs.py", line 8, in <module>
    from flask import Flask, render_template, request, jsonify
ImportError: No module named flask
Traceback (most recent call last):
  File "mrs.py", line 8, in <module>
    from flask import Flask, render_template, request, jsonify
ImportError: No module named flask
Traceback (most recent call last):
  File "mrs.py", line 8, in <module>
    from flask import Flask, render_template, request, jsonify
ImportError: No module named flask
